   1              		.syntax unified
   2              		.cpu cortex-m3
   3              		.fpu softvfp
   4              		.eabi_attribute 20, 1
   5              		.eabi_attribute 21, 1
   6              		.eabi_attribute 23, 3
   7              		.eabi_attribute 24, 1
   8              		.eabi_attribute 25, 1
   9              		.eabi_attribute 26, 1
  10              		.eabi_attribute 30, 4
  11              		.eabi_attribute 18, 4
  12              		.thumb
  13              		.file	"actuators_pwm_arch.c"
  14              		.text
  15              	.Ltext0:
  16              		.cfi_sections	.debug_frame
  17              		.section	.text.actuators_pwm_arch_init,"ax",%progbits
  18              		.align	1
  19              		.global	actuators_pwm_arch_init
  20              		.thumb
  21              		.thumb_func
  23              	actuators_pwm_arch_init:
  24              	.LFB24:
  25              		.file 1 "firmwares/rotorcraft/actuators/arch/stm32/actuators_pwm_arch.c"
   1:firmwares/rotorcraft/actuators/arch/stm32/actuators_pwm_arch.c **** /*
   2:firmwares/rotorcraft/actuators/arch/stm32/actuators_pwm_arch.c ****  * Copyright (C) 2010 The Paparazzi Team
   3:firmwares/rotorcraft/actuators/arch/stm32/actuators_pwm_arch.c ****  *
   4:firmwares/rotorcraft/actuators/arch/stm32/actuators_pwm_arch.c ****  * This file is part of Paparazzi.
   5:firmwares/rotorcraft/actuators/arch/stm32/actuators_pwm_arch.c ****  *
   6:firmwares/rotorcraft/actuators/arch/stm32/actuators_pwm_arch.c ****  * Paparazzi is free software; you can redistribute it and/or modify
   7:firmwares/rotorcraft/actuators/arch/stm32/actuators_pwm_arch.c ****  * it under the terms of the GNU General Public License as published by
   8:firmwares/rotorcraft/actuators/arch/stm32/actuators_pwm_arch.c ****  * the Free Software Foundation; either version 2, or (at your option)
   9:firmwares/rotorcraft/actuators/arch/stm32/actuators_pwm_arch.c ****  * any later version.
  10:firmwares/rotorcraft/actuators/arch/stm32/actuators_pwm_arch.c ****  *
  11:firmwares/rotorcraft/actuators/arch/stm32/actuators_pwm_arch.c ****  * Paparazzi is distributed in the hope that it will be useful,
  12:firmwares/rotorcraft/actuators/arch/stm32/actuators_pwm_arch.c ****  * but WITHOUT ANY WARRANTY; without even the implied warranty of
  13:firmwares/rotorcraft/actuators/arch/stm32/actuators_pwm_arch.c ****  * MERCHANTABILITY or FITNESS FOR A PARTICULAR PURPOSE.  See the
  14:firmwares/rotorcraft/actuators/arch/stm32/actuators_pwm_arch.c ****  * GNU General Public License for more details.
  15:firmwares/rotorcraft/actuators/arch/stm32/actuators_pwm_arch.c ****  *
  16:firmwares/rotorcraft/actuators/arch/stm32/actuators_pwm_arch.c ****  * You should have received a copy of the GNU General Public License
  17:firmwares/rotorcraft/actuators/arch/stm32/actuators_pwm_arch.c ****  * along with Paparazzi; see the file COPYING.  If not, write to
  18:firmwares/rotorcraft/actuators/arch/stm32/actuators_pwm_arch.c ****  * the Free Software Foundation, 59 Temple Place - Suite 330,
  19:firmwares/rotorcraft/actuators/arch/stm32/actuators_pwm_arch.c ****  * Boston, MA 02111-1307, USA.
  20:firmwares/rotorcraft/actuators/arch/stm32/actuators_pwm_arch.c ****  */
  21:firmwares/rotorcraft/actuators/arch/stm32/actuators_pwm_arch.c **** 
  22:firmwares/rotorcraft/actuators/arch/stm32/actuators_pwm_arch.c **** /** @file arch/stm32/actuators_pwm_arch.c
  23:firmwares/rotorcraft/actuators/arch/stm32/actuators_pwm_arch.c ****  *  STM32 PWM servos handling
  24:firmwares/rotorcraft/actuators/arch/stm32/actuators_pwm_arch.c ****  */
  25:firmwares/rotorcraft/actuators/arch/stm32/actuators_pwm_arch.c **** 
  26:firmwares/rotorcraft/actuators/arch/stm32/actuators_pwm_arch.c **** #include "firmwares/rotorcraft/actuators/actuators_pwm.h"
  27:firmwares/rotorcraft/actuators/arch/stm32/actuators_pwm_arch.c **** 
  28:firmwares/rotorcraft/actuators/arch/stm32/actuators_pwm_arch.c **** #include <stm32/gpio.h>
  29:firmwares/rotorcraft/actuators/arch/stm32/actuators_pwm_arch.c **** #include <stm32/rcc.h>
  30:firmwares/rotorcraft/actuators/arch/stm32/actuators_pwm_arch.c **** #include <stm32/flash.h>
  31:firmwares/rotorcraft/actuators/arch/stm32/actuators_pwm_arch.c **** #include <stm32/misc.h>
  32:firmwares/rotorcraft/actuators/arch/stm32/actuators_pwm_arch.c **** #include <stm32/tim.h>
  33:firmwares/rotorcraft/actuators/arch/stm32/actuators_pwm_arch.c **** 
  34:firmwares/rotorcraft/actuators/arch/stm32/actuators_pwm_arch.c **** #define PCLK 72000000
  35:firmwares/rotorcraft/actuators/arch/stm32/actuators_pwm_arch.c **** #define ONE_MHZ_CLK 1000000
  36:firmwares/rotorcraft/actuators/arch/stm32/actuators_pwm_arch.c **** #ifndef SERVO_HZ
  37:firmwares/rotorcraft/actuators/arch/stm32/actuators_pwm_arch.c **** #define SERVO_HZ 40
  38:firmwares/rotorcraft/actuators/arch/stm32/actuators_pwm_arch.c **** #endif
  39:firmwares/rotorcraft/actuators/arch/stm32/actuators_pwm_arch.c **** 
  40:firmwares/rotorcraft/actuators/arch/stm32/actuators_pwm_arch.c **** #ifndef PWM_5AND6_TIMER
  41:firmwares/rotorcraft/actuators/arch/stm32/actuators_pwm_arch.c **** #define PWM_5AND6_TIMER TIM4
  42:firmwares/rotorcraft/actuators/arch/stm32/actuators_pwm_arch.c **** #define PWM_5AND6_RCC RCC_APB1Periph_TIM4
  43:firmwares/rotorcraft/actuators/arch/stm32/actuators_pwm_arch.c **** #define PWM_5AND6_GPIO GPIOB
  44:firmwares/rotorcraft/actuators/arch/stm32/actuators_pwm_arch.c **** #define PWM5_OC 3
  45:firmwares/rotorcraft/actuators/arch/stm32/actuators_pwm_arch.c **** #define PWM6_OC 4
  46:firmwares/rotorcraft/actuators/arch/stm32/actuators_pwm_arch.c **** #define PWM5_Pin GPIO_Pin_8
  47:firmwares/rotorcraft/actuators/arch/stm32/actuators_pwm_arch.c **** #define PWM6_Pin GPIO_Pin_9
  48:firmwares/rotorcraft/actuators/arch/stm32/actuators_pwm_arch.c **** #endif
  49:firmwares/rotorcraft/actuators/arch/stm32/actuators_pwm_arch.c **** 
  50:firmwares/rotorcraft/actuators/arch/stm32/actuators_pwm_arch.c **** #define _TIM_OC_INIT(n) TIM_OC##n##Init
  51:firmwares/rotorcraft/actuators/arch/stm32/actuators_pwm_arch.c **** #define TIM_OC_INIT(n) _TIM_OC_INIT(n)
  52:firmwares/rotorcraft/actuators/arch/stm32/actuators_pwm_arch.c **** 
  53:firmwares/rotorcraft/actuators/arch/stm32/actuators_pwm_arch.c **** #define _TIM_OC_PRELOADCONFIG(n) TIM_OC##n##PreloadConfig
  54:firmwares/rotorcraft/actuators/arch/stm32/actuators_pwm_arch.c **** #define TIM_OC_PRELOADCONFIG(n) _TIM_OC_PRELOADCONFIG(n)
  55:firmwares/rotorcraft/actuators/arch/stm32/actuators_pwm_arch.c **** 
  56:firmwares/rotorcraft/actuators/arch/stm32/actuators_pwm_arch.c **** #define _TIM_SETCOMPARE(n) TIM_SetCompare##n
  57:firmwares/rotorcraft/actuators/arch/stm32/actuators_pwm_arch.c **** #define TIM_SETCOMPARE(n) _TIM_SETCOMPARE(n)
  58:firmwares/rotorcraft/actuators/arch/stm32/actuators_pwm_arch.c **** 
  59:firmwares/rotorcraft/actuators/arch/stm32/actuators_pwm_arch.c **** void actuators_pwm_arch_init(void) {
  26              		.loc 1 59 0
  27              		.cfi_startproc
  28              		@ args = 0, pretend = 0, frame = 32
  29              		@ frame_needed = 0, uses_anonymous_args = 0
  30 0000 2DE9F041 		push	{r4, r5, r6, r7, r8, lr}
  31              	.LCFI0:
  32              		.cfi_def_cfa_offset 24
  33              		.cfi_offset 14, -4
  34              		.cfi_offset 8, -8
  35              		.cfi_offset 7, -12
  36              		.cfi_offset 6, -16
  37              		.cfi_offset 5, -20
  38              		.cfi_offset 4, -24
  60:firmwares/rotorcraft/actuators/arch/stm32/actuators_pwm_arch.c **** 
  61:firmwares/rotorcraft/actuators/arch/stm32/actuators_pwm_arch.c ****   /* TIM3 and TIM4 clock enable */
  62:firmwares/rotorcraft/actuators/arch/stm32/actuators_pwm_arch.c ****   RCC_APB1PeriphClockCmd(RCC_APB1Periph_TIM3, ENABLE);
  39              		.loc 1 62 0
  40 0004 0220     		movs	r0, #2
  59:firmwares/rotorcraft/actuators/arch/stm32/actuators_pwm_arch.c **** void actuators_pwm_arch_init(void) {
  41              		.loc 1 59 0
  42 0006 88B0     		sub	sp, sp, #32
  43              	.LCFI1:
  44              		.cfi_def_cfa_offset 56
  45              		.loc 1 62 0
  46 0008 0121     		movs	r1, #1
  47 000a FFF7FEFF 		bl	RCC_APB1PeriphClockCmd
  63:firmwares/rotorcraft/actuators/arch/stm32/actuators_pwm_arch.c ****   RCC_APB1PeriphClockCmd(PWM_5AND6_RCC, ENABLE);
  48              		.loc 1 63 0
  49 000e 0820     		movs	r0, #8
  50 0010 0121     		movs	r1, #1
  51 0012 FFF7FEFF 		bl	RCC_APB1PeriphClockCmd
  64:firmwares/rotorcraft/actuators/arch/stm32/actuators_pwm_arch.c **** #if USE_SERVOS_7AND8
  65:firmwares/rotorcraft/actuators/arch/stm32/actuators_pwm_arch.c ****   RCC_APB1PeriphClockCmd(RCC_APB1Periph_TIM4, ENABLE);
  52              		.loc 1 65 0
  53 0016 0420     		movs	r0, #4
  54 0018 0121     		movs	r1, #1
  55 001a FFF7FEFF 		bl	RCC_APB1PeriphClockCmd
  66:firmwares/rotorcraft/actuators/arch/stm32/actuators_pwm_arch.c **** #endif
  67:firmwares/rotorcraft/actuators/arch/stm32/actuators_pwm_arch.c **** 
  68:firmwares/rotorcraft/actuators/arch/stm32/actuators_pwm_arch.c ****   /* GPIO A,B and C clock enable */
  69:firmwares/rotorcraft/actuators/arch/stm32/actuators_pwm_arch.c ****   RCC_APB2PeriphClockCmd(RCC_APB2Periph_GPIOA | RCC_APB2Periph_GPIOB | RCC_APB2Periph_GPIOC |
  56              		.loc 1 69 0
  57 001e 1D20     		movs	r0, #29
  58 0020 0121     		movs	r1, #1
  59 0022 FFF7FEFF 		bl	RCC_APB2PeriphClockCmd
  70:firmwares/rotorcraft/actuators/arch/stm32/actuators_pwm_arch.c ****              RCC_APB2Periph_AFIO, ENABLE);
  71:firmwares/rotorcraft/actuators/arch/stm32/actuators_pwm_arch.c ****   /* GPIO C */
  72:firmwares/rotorcraft/actuators/arch/stm32/actuators_pwm_arch.c ****   /* PC6=servo1 PC7=servo2 PC8=servo3 PC9=servo4 */
  73:firmwares/rotorcraft/actuators/arch/stm32/actuators_pwm_arch.c ****   GPIO_InitTypeDef GPIO_InitStructure;
  74:firmwares/rotorcraft/actuators/arch/stm32/actuators_pwm_arch.c ****   GPIO_InitStructure.GPIO_Pin   = GPIO_Pin_6 | GPIO_Pin_7 | GPIO_Pin_8 | GPIO_Pin_9;
  60              		.loc 1 74 0
  61 0026 4FF47073 		mov	r3, #960
  75:firmwares/rotorcraft/actuators/arch/stm32/actuators_pwm_arch.c ****   GPIO_InitStructure.GPIO_Mode  = GPIO_Mode_AF_PP;
  76:firmwares/rotorcraft/actuators/arch/stm32/actuators_pwm_arch.c ****   GPIO_InitStructure.GPIO_Speed = GPIO_Speed_50MHz;
  62              		.loc 1 76 0
  63 002a 0324     		movs	r4, #3
  74:firmwares/rotorcraft/actuators/arch/stm32/actuators_pwm_arch.c ****   GPIO_InitStructure.GPIO_Pin   = GPIO_Pin_6 | GPIO_Pin_7 | GPIO_Pin_8 | GPIO_Pin_9;
  64              		.loc 1 74 0
  65 002c ADF81C30 		strh	r3, [sp, #28]	@ movhi
  77:firmwares/rotorcraft/actuators/arch/stm32/actuators_pwm_arch.c ****   GPIO_Init(GPIOC, &GPIO_InitStructure);
  66              		.loc 1 77 0
  67 0030 07A9     		add	r1, sp, #28
  75:firmwares/rotorcraft/actuators/arch/stm32/actuators_pwm_arch.c ****   GPIO_InitStructure.GPIO_Mode  = GPIO_Mode_AF_PP;
  68              		.loc 1 75 0
  69 0032 1823     		movs	r3, #24
  70              		.loc 1 77 0
  71 0034 5248     		ldr	r0, .L2
  75:firmwares/rotorcraft/actuators/arch/stm32/actuators_pwm_arch.c ****   GPIO_InitStructure.GPIO_Mode  = GPIO_Mode_AF_PP;
  72              		.loc 1 75 0
  73 0036 8DF81F30 		strb	r3, [sp, #31]
  76:firmwares/rotorcraft/actuators/arch/stm32/actuators_pwm_arch.c ****   GPIO_InitStructure.GPIO_Speed = GPIO_Speed_50MHz;
  74              		.loc 1 76 0
  75 003a 8DF81E40 		strb	r4, [sp, #30]
  76              		.loc 1 77 0
  77 003e FFF7FEFF 		bl	GPIO_Init
  78:firmwares/rotorcraft/actuators/arch/stm32/actuators_pwm_arch.c ****   /* need to remate alternate function, pins 37, 38, 39, 40 on LQFP64 */
  79:firmwares/rotorcraft/actuators/arch/stm32/actuators_pwm_arch.c ****   GPIO_PinRemapConfig(GPIO_FullRemap_TIM3, ENABLE);
  78              		.loc 1 79 0
  79 0042 0121     		movs	r1, #1
  80 0044 4F48     		ldr	r0, .L2+4
  81 0046 FFF7FEFF 		bl	GPIO_PinRemapConfig
  80:firmwares/rotorcraft/actuators/arch/stm32/actuators_pwm_arch.c **** 
  81:firmwares/rotorcraft/actuators/arch/stm32/actuators_pwm_arch.c ****   /* PWM 5/6 GPIO */
  82:firmwares/rotorcraft/actuators/arch/stm32/actuators_pwm_arch.c ****   /* PB8=servo5 PB9=servo6 */
  83:firmwares/rotorcraft/actuators/arch/stm32/actuators_pwm_arch.c ****   GPIO_InitStructure.GPIO_Pin   = PWM5_Pin | PWM6_Pin;
  84:firmwares/rotorcraft/actuators/arch/stm32/actuators_pwm_arch.c ****   GPIO_Init(PWM_5AND6_GPIO, &GPIO_InitStructure);
  82              		.loc 1 84 0
  83 004a 07A9     		add	r1, sp, #28
  84 004c 4E48     		ldr	r0, .L2+8
  83:firmwares/rotorcraft/actuators/arch/stm32/actuators_pwm_arch.c ****   GPIO_InitStructure.GPIO_Pin   = PWM5_Pin | PWM6_Pin;
  85              		.loc 1 83 0
  86 004e ADF81C40 		strh	r4, [sp, #28]	@ movhi
  85:firmwares/rotorcraft/actuators/arch/stm32/actuators_pwm_arch.c **** 
  86:firmwares/rotorcraft/actuators/arch/stm32/actuators_pwm_arch.c **** #if USE_SERVOS_7AND8
  87:firmwares/rotorcraft/actuators/arch/stm32/actuators_pwm_arch.c ****   GPIO_InitStructure.GPIO_Pin   = GPIO_Pin_6 | GPIO_Pin_7;
  88:firmwares/rotorcraft/actuators/arch/stm32/actuators_pwm_arch.c ****   GPIO_Init(GPIOB, &GPIO_InitStructure);
  89:firmwares/rotorcraft/actuators/arch/stm32/actuators_pwm_arch.c **** #endif
  90:firmwares/rotorcraft/actuators/arch/stm32/actuators_pwm_arch.c **** 
  91:firmwares/rotorcraft/actuators/arch/stm32/actuators_pwm_arch.c ****   /* Time base configuration */
  92:firmwares/rotorcraft/actuators/arch/stm32/actuators_pwm_arch.c ****   TIM_TimeBaseInitTypeDef  TIM_TimeBaseStructure;
  93:firmwares/rotorcraft/actuators/arch/stm32/actuators_pwm_arch.c ****   TIM_TimeBaseStructure.TIM_Prescaler = (PCLK / ONE_MHZ_CLK) - 1; // 1uS
  94:firmwares/rotorcraft/actuators/arch/stm32/actuators_pwm_arch.c ****   TIM_TimeBaseStructure.TIM_Period = (ONE_MHZ_CLK / SERVO_HZ) - 1;
  95:firmwares/rotorcraft/actuators/arch/stm32/actuators_pwm_arch.c ****   TIM_TimeBaseStructure.TIM_ClockDivision = 0;
  96:firmwares/rotorcraft/actuators/arch/stm32/actuators_pwm_arch.c ****   TIM_TimeBaseStructure.TIM_CounterMode = TIM_CounterMode_Up;
  97:firmwares/rotorcraft/actuators/arch/stm32/actuators_pwm_arch.c **** 
  98:firmwares/rotorcraft/actuators/arch/stm32/actuators_pwm_arch.c ****   TIM_TimeBaseInit(TIM3, &TIM_TimeBaseStructure);
  87              		.loc 1 98 0
  88 0052 4E4C     		ldr	r4, .L2+12
  84:firmwares/rotorcraft/actuators/arch/stm32/actuators_pwm_arch.c ****   GPIO_Init(PWM_5AND6_GPIO, &GPIO_InitStructure);
  89              		.loc 1 84 0
  90 0054 FFF7FEFF 		bl	GPIO_Init
  87:firmwares/rotorcraft/actuators/arch/stm32/actuators_pwm_arch.c ****   GPIO_InitStructure.GPIO_Pin   = GPIO_Pin_6 | GPIO_Pin_7;
  91              		.loc 1 87 0
  92 0058 C023     		movs	r3, #192
  88:firmwares/rotorcraft/actuators/arch/stm32/actuators_pwm_arch.c ****   GPIO_Init(GPIOB, &GPIO_InitStructure);
  93              		.loc 1 88 0
  94 005a 07A9     		add	r1, sp, #28
  95 005c 4C48     		ldr	r0, .L2+16
  99:firmwares/rotorcraft/actuators/arch/stm32/actuators_pwm_arch.c **** 
 100:firmwares/rotorcraft/actuators/arch/stm32/actuators_pwm_arch.c **** #ifdef SERVO_HZ_SECONDARY
 101:firmwares/rotorcraft/actuators/arch/stm32/actuators_pwm_arch.c ****   TIM_TimeBaseStructure.TIM_Period = (ONE_MHZ_CLK / SERVO_HZ_SECONDARY) - 1;
 102:firmwares/rotorcraft/actuators/arch/stm32/actuators_pwm_arch.c **** #endif
 103:firmwares/rotorcraft/actuators/arch/stm32/actuators_pwm_arch.c ****   TIM_TimeBaseInit(PWM_5AND6_TIMER, &TIM_TimeBaseStructure);
  96              		.loc 1 103 0
  97 005e 4D4E     		ldr	r6, .L2+20
  87:firmwares/rotorcraft/actuators/arch/stm32/actuators_pwm_arch.c ****   GPIO_InitStructure.GPIO_Pin   = GPIO_Pin_6 | GPIO_Pin_7;
  98              		.loc 1 87 0
  99 0060 ADF81C30 		strh	r3, [sp, #28]	@ movhi
  88:firmwares/rotorcraft/actuators/arch/stm32/actuators_pwm_arch.c ****   GPIO_Init(GPIOB, &GPIO_InitStructure);
 100              		.loc 1 88 0
 101 0064 FFF7FEFF 		bl	GPIO_Init
  93:firmwares/rotorcraft/actuators/arch/stm32/actuators_pwm_arch.c ****   TIM_TimeBaseStructure.TIM_Prescaler = (PCLK / ONE_MHZ_CLK) - 1; // 1uS
 102              		.loc 1 93 0
 103 0068 4723     		movs	r3, #71
 104:firmwares/rotorcraft/actuators/arch/stm32/actuators_pwm_arch.c **** #if USE_SERVOS_7AND8
 105:firmwares/rotorcraft/actuators/arch/stm32/actuators_pwm_arch.c ****   TIM_TimeBaseInit(TIM4, &TIM_TimeBaseStructure);
 104              		.loc 1 105 0
 105 006a 4B4F     		ldr	r7, .L2+24
  95:firmwares/rotorcraft/actuators/arch/stm32/actuators_pwm_arch.c ****   TIM_TimeBaseStructure.TIM_ClockDivision = 0;
 106              		.loc 1 95 0
 107 006c 4FF00008 		mov	r8, #0
  93:firmwares/rotorcraft/actuators/arch/stm32/actuators_pwm_arch.c ****   TIM_TimeBaseStructure.TIM_Prescaler = (PCLK / ONE_MHZ_CLK) - 1; // 1uS
 108              		.loc 1 93 0
 109 0070 ADF81030 		strh	r3, [sp, #16]	@ movhi
  98:firmwares/rotorcraft/actuators/arch/stm32/actuators_pwm_arch.c ****   TIM_TimeBaseInit(TIM3, &TIM_TimeBaseStructure);
 110              		.loc 1 98 0
 111 0074 2046     		mov	r0, r4
  94:firmwares/rotorcraft/actuators/arch/stm32/actuators_pwm_arch.c ****   TIM_TimeBaseStructure.TIM_Period = (ONE_MHZ_CLK / SERVO_HZ) - 1;
 112              		.loc 1 94 0
 113 0076 40F6C313 		movw	r3, #2499
  98:firmwares/rotorcraft/actuators/arch/stm32/actuators_pwm_arch.c ****   TIM_TimeBaseInit(TIM3, &TIM_TimeBaseStructure);
 114              		.loc 1 98 0
 115 007a 04A9     		add	r1, sp, #16
  94:firmwares/rotorcraft/actuators/arch/stm32/actuators_pwm_arch.c ****   TIM_TimeBaseStructure.TIM_Period = (ONE_MHZ_CLK / SERVO_HZ) - 1;
 116              		.loc 1 94 0
 117 007c ADF81430 		strh	r3, [sp, #20]	@ movhi
  95:firmwares/rotorcraft/actuators/arch/stm32/actuators_pwm_arch.c ****   TIM_TimeBaseStructure.TIM_ClockDivision = 0;
 118              		.loc 1 95 0
 119 0080 ADF81680 		strh	r8, [sp, #22]	@ movhi
  96:firmwares/rotorcraft/actuators/arch/stm32/actuators_pwm_arch.c ****   TIM_TimeBaseStructure.TIM_CounterMode = TIM_CounterMode_Up;
 120              		.loc 1 96 0
 121 0084 ADF81280 		strh	r8, [sp, #18]	@ movhi
  98:firmwares/rotorcraft/actuators/arch/stm32/actuators_pwm_arch.c ****   TIM_TimeBaseInit(TIM3, &TIM_TimeBaseStructure);
 122              		.loc 1 98 0
 123 0088 FFF7FEFF 		bl	TIM_TimeBaseInit
 103:firmwares/rotorcraft/actuators/arch/stm32/actuators_pwm_arch.c ****   TIM_TimeBaseInit(PWM_5AND6_TIMER, &TIM_TimeBaseStructure);
 124              		.loc 1 103 0
 125 008c 3046     		mov	r0, r6
 126 008e 04A9     		add	r1, sp, #16
 127 0090 FFF7FEFF 		bl	TIM_TimeBaseInit
 128              		.loc 1 105 0
 129 0094 3846     		mov	r0, r7
 130 0096 04A9     		add	r1, sp, #16
 106:firmwares/rotorcraft/actuators/arch/stm32/actuators_pwm_arch.c **** #endif
 107:firmwares/rotorcraft/actuators/arch/stm32/actuators_pwm_arch.c **** 
 108:firmwares/rotorcraft/actuators/arch/stm32/actuators_pwm_arch.c ****   /* PWM1 Mode configuration: All Channels */
 109:firmwares/rotorcraft/actuators/arch/stm32/actuators_pwm_arch.c ****   TIM_OCInitTypeDef  TIM_OCInitStructure;
 110:firmwares/rotorcraft/actuators/arch/stm32/actuators_pwm_arch.c ****   TIM_OCInitStructure.TIM_OCMode = TIM_OCMode_PWM1;
 111:firmwares/rotorcraft/actuators/arch/stm32/actuators_pwm_arch.c ****   TIM_OCInitStructure.TIM_OutputState = TIM_OutputState_Enable;
 131              		.loc 1 111 0
 132 0098 0125     		movs	r5, #1
 105:firmwares/rotorcraft/actuators/arch/stm32/actuators_pwm_arch.c ****   TIM_TimeBaseInit(TIM4, &TIM_TimeBaseStructure);
 133              		.loc 1 105 0
 134 009a FFF7FEFF 		bl	TIM_TimeBaseInit
 110:firmwares/rotorcraft/actuators/arch/stm32/actuators_pwm_arch.c ****   TIM_OCInitStructure.TIM_OCMode = TIM_OCMode_PWM1;
 135              		.loc 1 110 0
 136 009e 6023     		movs	r3, #96
 112:firmwares/rotorcraft/actuators/arch/stm32/actuators_pwm_arch.c ****   TIM_OCInitStructure.TIM_Pulse = 0; // default low (no pulse)
 113:firmwares/rotorcraft/actuators/arch/stm32/actuators_pwm_arch.c ****   TIM_OCInitStructure.TIM_OCPolarity = TIM_OCPolarity_High;
 114:firmwares/rotorcraft/actuators/arch/stm32/actuators_pwm_arch.c **** 
 115:firmwares/rotorcraft/actuators/arch/stm32/actuators_pwm_arch.c ****   /* PWM1 Mode configuration: TIM3 Channel1 */
 116:firmwares/rotorcraft/actuators/arch/stm32/actuators_pwm_arch.c ****   TIM_OC1Init(TIM3, &TIM_OCInitStructure);
 137              		.loc 1 116 0
 138 00a0 2046     		mov	r0, r4
 139 00a2 6946     		mov	r1, sp
 110:firmwares/rotorcraft/actuators/arch/stm32/actuators_pwm_arch.c ****   TIM_OCInitStructure.TIM_OCMode = TIM_OCMode_PWM1;
 140              		.loc 1 110 0
 141 00a4 ADF80030 		strh	r3, [sp, #0]	@ movhi
 111:firmwares/rotorcraft/actuators/arch/stm32/actuators_pwm_arch.c ****   TIM_OCInitStructure.TIM_OutputState = TIM_OutputState_Enable;
 142              		.loc 1 111 0
 143 00a8 ADF80250 		strh	r5, [sp, #2]	@ movhi
 112:firmwares/rotorcraft/actuators/arch/stm32/actuators_pwm_arch.c ****   TIM_OCInitStructure.TIM_Pulse = 0; // default low (no pulse)
 144              		.loc 1 112 0
 145 00ac ADF80680 		strh	r8, [sp, #6]	@ movhi
 113:firmwares/rotorcraft/actuators/arch/stm32/actuators_pwm_arch.c ****   TIM_OCInitStructure.TIM_OCPolarity = TIM_OCPolarity_High;
 146              		.loc 1 113 0
 147 00b0 ADF80880 		strh	r8, [sp, #8]	@ movhi
 148              		.loc 1 116 0
 149 00b4 FFF7FEFF 		bl	TIM_OC1Init
 117:firmwares/rotorcraft/actuators/arch/stm32/actuators_pwm_arch.c ****   TIM_OC1PreloadConfig(TIM3, TIM_OCPreload_Enable);
 150              		.loc 1 117 0
 151 00b8 2046     		mov	r0, r4
 152 00ba 0821     		movs	r1, #8
 153 00bc FFF7FEFF 		bl	TIM_OC1PreloadConfig
 118:firmwares/rotorcraft/actuators/arch/stm32/actuators_pwm_arch.c **** 
 119:firmwares/rotorcraft/actuators/arch/stm32/actuators_pwm_arch.c ****   /* PWM2 Mode configuration: TIM3 Channel2 */
 120:firmwares/rotorcraft/actuators/arch/stm32/actuators_pwm_arch.c ****   TIM_OC2Init(TIM3, &TIM_OCInitStructure);
 154              		.loc 1 120 0
 155 00c0 2046     		mov	r0, r4
 156 00c2 6946     		mov	r1, sp
 157 00c4 FFF7FEFF 		bl	TIM_OC2Init
 121:firmwares/rotorcraft/actuators/arch/stm32/actuators_pwm_arch.c ****   TIM_OC2PreloadConfig(TIM3, TIM_OCPreload_Enable);
 158              		.loc 1 121 0
 159 00c8 2046     		mov	r0, r4
 160 00ca 0821     		movs	r1, #8
 161 00cc FFF7FEFF 		bl	TIM_OC2PreloadConfig
 122:firmwares/rotorcraft/actuators/arch/stm32/actuators_pwm_arch.c **** 
 123:firmwares/rotorcraft/actuators/arch/stm32/actuators_pwm_arch.c ****   /* PWM3 Mode configuration: TIM3 Channel3 */
 124:firmwares/rotorcraft/actuators/arch/stm32/actuators_pwm_arch.c ****   TIM_OC3Init(TIM3, &TIM_OCInitStructure);
 162              		.loc 1 124 0
 163 00d0 2046     		mov	r0, r4
 164 00d2 6946     		mov	r1, sp
 165 00d4 FFF7FEFF 		bl	TIM_OC3Init
 125:firmwares/rotorcraft/actuators/arch/stm32/actuators_pwm_arch.c ****   TIM_OC3PreloadConfig(TIM3, TIM_OCPreload_Enable);
 166              		.loc 1 125 0
 167 00d8 0821     		movs	r1, #8
 168 00da 2046     		mov	r0, r4
 169 00dc FFF7FEFF 		bl	TIM_OC3PreloadConfig
 126:firmwares/rotorcraft/actuators/arch/stm32/actuators_pwm_arch.c **** 
 127:firmwares/rotorcraft/actuators/arch/stm32/actuators_pwm_arch.c ****   /* PWM4 Mode configuration: TIM3 Channel4 */
 128:firmwares/rotorcraft/actuators/arch/stm32/actuators_pwm_arch.c ****   TIM_OC4Init(TIM3, &TIM_OCInitStructure);
 170              		.loc 1 128 0
 171 00e0 2046     		mov	r0, r4
 172 00e2 6946     		mov	r1, sp
 173 00e4 FFF7FEFF 		bl	TIM_OC4Init
 129:firmwares/rotorcraft/actuators/arch/stm32/actuators_pwm_arch.c ****   TIM_OC4PreloadConfig(TIM3, TIM_OCPreload_Enable);
 174              		.loc 1 129 0
 175 00e8 2046     		mov	r0, r4
 176 00ea 0821     		movs	r1, #8
 177 00ec FFF7FEFF 		bl	TIM_OC4PreloadConfig
 130:firmwares/rotorcraft/actuators/arch/stm32/actuators_pwm_arch.c **** 
 131:firmwares/rotorcraft/actuators/arch/stm32/actuators_pwm_arch.c ****   /* PWM5 Mode configuration: TIM4 Channel3 */
 132:firmwares/rotorcraft/actuators/arch/stm32/actuators_pwm_arch.c ****   TIM_OC_INIT(PWM5_OC) (PWM_5AND6_TIMER, &TIM_OCInitStructure);
 178              		.loc 1 132 0
 179 00f0 3046     		mov	r0, r6
 180 00f2 6946     		mov	r1, sp
 181 00f4 FFF7FEFF 		bl	TIM_OC1Init
 133:firmwares/rotorcraft/actuators/arch/stm32/actuators_pwm_arch.c ****   TIM_OC_PRELOADCONFIG(PWM5_OC)(PWM_5AND6_TIMER, TIM_OCPreload_Enable);
 182              		.loc 1 133 0
 183 00f8 3046     		mov	r0, r6
 184 00fa 0821     		movs	r1, #8
 185 00fc FFF7FEFF 		bl	TIM_OC1PreloadConfig
 134:firmwares/rotorcraft/actuators/arch/stm32/actuators_pwm_arch.c **** 
 135:firmwares/rotorcraft/actuators/arch/stm32/actuators_pwm_arch.c ****   /* PWM6 Mode configuration: TIM4 Channel4 */
 136:firmwares/rotorcraft/actuators/arch/stm32/actuators_pwm_arch.c ****   TIM_OC_INIT(PWM6_OC)(PWM_5AND6_TIMER, &TIM_OCInitStructure);
 186              		.loc 1 136 0
 187 0100 3046     		mov	r0, r6
 188 0102 6946     		mov	r1, sp
 189 0104 FFF7FEFF 		bl	TIM_OC2Init
 137:firmwares/rotorcraft/actuators/arch/stm32/actuators_pwm_arch.c ****   TIM_OC_PRELOADCONFIG(PWM6_OC)(PWM_5AND6_TIMER, TIM_OCPreload_Enable);
 190              		.loc 1 137 0
 191 0108 3046     		mov	r0, r6
 192 010a 0821     		movs	r1, #8
 193 010c FFF7FEFF 		bl	TIM_OC2PreloadConfig
 138:firmwares/rotorcraft/actuators/arch/stm32/actuators_pwm_arch.c **** 
 139:firmwares/rotorcraft/actuators/arch/stm32/actuators_pwm_arch.c **** #if USE_SERVOS_7AND8
 140:firmwares/rotorcraft/actuators/arch/stm32/actuators_pwm_arch.c ****   /* PWM7 Mode configuration: TIM4 Channel3 */
 141:firmwares/rotorcraft/actuators/arch/stm32/actuators_pwm_arch.c ****   TIM_OC1Init(TIM4, &TIM_OCInitStructure);
 194              		.loc 1 141 0
 195 0110 3846     		mov	r0, r7
 196 0112 6946     		mov	r1, sp
 197 0114 FFF7FEFF 		bl	TIM_OC1Init
 142:firmwares/rotorcraft/actuators/arch/stm32/actuators_pwm_arch.c ****   TIM_OC1PreloadConfig(TIM4, TIM_OCPreload_Enable);
 198              		.loc 1 142 0
 199 0118 3846     		mov	r0, r7
 200 011a 0821     		movs	r1, #8
 201 011c FFF7FEFF 		bl	TIM_OC1PreloadConfig
 143:firmwares/rotorcraft/actuators/arch/stm32/actuators_pwm_arch.c **** 
 144:firmwares/rotorcraft/actuators/arch/stm32/actuators_pwm_arch.c ****   /* PWM8 Mode configuration: TIM4 Channel4 */
 145:firmwares/rotorcraft/actuators/arch/stm32/actuators_pwm_arch.c ****   TIM_OC2Init(TIM4, &TIM_OCInitStructure);
 202              		.loc 1 145 0
 203 0120 3846     		mov	r0, r7
 204 0122 6946     		mov	r1, sp
 205 0124 FFF7FEFF 		bl	TIM_OC2Init
 146:firmwares/rotorcraft/actuators/arch/stm32/actuators_pwm_arch.c ****   TIM_OC2PreloadConfig(TIM4, TIM_OCPreload_Enable);
 206              		.loc 1 146 0
 207 0128 3846     		mov	r0, r7
 208 012a 0821     		movs	r1, #8
 209 012c FFF7FEFF 		bl	TIM_OC2PreloadConfig
 147:firmwares/rotorcraft/actuators/arch/stm32/actuators_pwm_arch.c **** 
 148:firmwares/rotorcraft/actuators/arch/stm32/actuators_pwm_arch.c ****   /* TIM4 enable */
 149:firmwares/rotorcraft/actuators/arch/stm32/actuators_pwm_arch.c ****   TIM_ARRPreloadConfig(TIM4, ENABLE);
 210              		.loc 1 149 0
 211 0130 3846     		mov	r0, r7
 212 0132 2946     		mov	r1, r5
 213 0134 FFF7FEFF 		bl	TIM_ARRPreloadConfig
 150:firmwares/rotorcraft/actuators/arch/stm32/actuators_pwm_arch.c ****   TIM_CtrlPWMOutputs(TIM4, ENABLE);
 214              		.loc 1 150 0
 215 0138 3846     		mov	r0, r7
 216 013a 2946     		mov	r1, r5
 217 013c FFF7FEFF 		bl	TIM_CtrlPWMOutputs
 151:firmwares/rotorcraft/actuators/arch/stm32/actuators_pwm_arch.c ****   TIM_Cmd(TIM4, ENABLE);
 218              		.loc 1 151 0
 219 0140 3846     		mov	r0, r7
 220 0142 2946     		mov	r1, r5
 221 0144 FFF7FEFF 		bl	TIM_Cmd
 152:firmwares/rotorcraft/actuators/arch/stm32/actuators_pwm_arch.c **** #endif
 153:firmwares/rotorcraft/actuators/arch/stm32/actuators_pwm_arch.c **** 
 154:firmwares/rotorcraft/actuators/arch/stm32/actuators_pwm_arch.c ****   /* PWM1-4 enable */
 155:firmwares/rotorcraft/actuators/arch/stm32/actuators_pwm_arch.c ****   TIM_ARRPreloadConfig(TIM3, ENABLE);
 222              		.loc 1 155 0
 223 0148 2046     		mov	r0, r4
 224 014a 2946     		mov	r1, r5
 225 014c FFF7FEFF 		bl	TIM_ARRPreloadConfig
 156:firmwares/rotorcraft/actuators/arch/stm32/actuators_pwm_arch.c ****   TIM_CtrlPWMOutputs(TIM3, ENABLE);
 226              		.loc 1 156 0
 227 0150 2046     		mov	r0, r4
 228 0152 2946     		mov	r1, r5
 229 0154 FFF7FEFF 		bl	TIM_CtrlPWMOutputs
 157:firmwares/rotorcraft/actuators/arch/stm32/actuators_pwm_arch.c ****   TIM_Cmd(TIM3, ENABLE);
 230              		.loc 1 157 0
 231 0158 2046     		mov	r0, r4
 232 015a 2946     		mov	r1, r5
 233 015c FFF7FEFF 		bl	TIM_Cmd
 158:firmwares/rotorcraft/actuators/arch/stm32/actuators_pwm_arch.c **** 
 159:firmwares/rotorcraft/actuators/arch/stm32/actuators_pwm_arch.c ****   /* PWM5/6 enable */
 160:firmwares/rotorcraft/actuators/arch/stm32/actuators_pwm_arch.c ****   TIM_ARRPreloadConfig(PWM_5AND6_TIMER, ENABLE);
 234              		.loc 1 160 0
 235 0160 3046     		mov	r0, r6
 236 0162 2946     		mov	r1, r5
 237 0164 FFF7FEFF 		bl	TIM_ARRPreloadConfig
 161:firmwares/rotorcraft/actuators/arch/stm32/actuators_pwm_arch.c ****   TIM_CtrlPWMOutputs(PWM_5AND6_TIMER, ENABLE);
 238              		.loc 1 161 0
 239 0168 3046     		mov	r0, r6
 240 016a 2946     		mov	r1, r5
 241 016c FFF7FEFF 		bl	TIM_CtrlPWMOutputs
 162:firmwares/rotorcraft/actuators/arch/stm32/actuators_pwm_arch.c ****   TIM_Cmd(PWM_5AND6_TIMER, ENABLE);
 242              		.loc 1 162 0
 243 0170 3046     		mov	r0, r6
 244 0172 2946     		mov	r1, r5
 245 0174 FFF7FEFF 		bl	TIM_Cmd
 163:firmwares/rotorcraft/actuators/arch/stm32/actuators_pwm_arch.c **** 
 164:firmwares/rotorcraft/actuators/arch/stm32/actuators_pwm_arch.c **** }
 246              		.loc 1 164 0
 247 0178 08B0     		add	sp, sp, #32
 248 017a BDE8F081 		pop	{r4, r5, r6, r7, r8, pc}
 249              	.L3:
 250 017e 00BF     		.align	2
 251              	.L2:
 252 0180 00100140 		.word	1073811456
 253 0184 000C1A00 		.word	1707008
 254 0188 00080140 		.word	1073809408
 255 018c 00040040 		.word	1073742848
 256 0190 000C0140 		.word	1073810432
 257 0194 000C0040 		.word	1073744896
 258 0198 00080040 		.word	1073743872
 259              		.cfi_endproc
 260              	.LFE24:
 262              		.section	.text.actuators_pwm_commit,"ax",%progbits
 263              		.align	1
 264              		.global	actuators_pwm_commit
 265              		.thumb
 266              		.thumb_func
 268              	actuators_pwm_commit:
 269              	.LFB25:
 165:firmwares/rotorcraft/actuators/arch/stm32/actuators_pwm_arch.c **** 
 166:firmwares/rotorcraft/actuators/arch/stm32/actuators_pwm_arch.c **** /* set pulse widths from actuator values, assumed to be in us */
 167:firmwares/rotorcraft/actuators/arch/stm32/actuators_pwm_arch.c **** void actuators_pwm_commit(void) {
 270              		.loc 1 167 0
 271              		.cfi_startproc
 272              		@ args = 0, pretend = 0, frame = 0
 273              		@ frame_needed = 0, uses_anonymous_args = 0
 274 0000 38B5     		push	{r3, r4, r5, lr}
 275              	.LCFI2:
 276              		.cfi_def_cfa_offset 16
 277              		.cfi_offset 14, -4
 278              		.cfi_offset 5, -8
 279              		.cfi_offset 4, -12
 280              		.cfi_offset 3, -16
 168:firmwares/rotorcraft/actuators/arch/stm32/actuators_pwm_arch.c ****   TIM_SetCompare1(TIM3, actuators_pwm_values[0]);
 281              		.loc 1 168 0
 282 0002 144C     		ldr	r4, .L5
 283 0004 144D     		ldr	r5, .L5+4
 284 0006 2188     		ldrh	r1, [r4, #0]
 285 0008 2846     		mov	r0, r5
 286 000a FFF7FEFF 		bl	TIM_SetCompare1
 169:firmwares/rotorcraft/actuators/arch/stm32/actuators_pwm_arch.c ****   TIM_SetCompare2(TIM3, actuators_pwm_values[1]);
 287              		.loc 1 169 0
 288 000e 2846     		mov	r0, r5
 289 0010 A188     		ldrh	r1, [r4, #4]
 290 0012 FFF7FEFF 		bl	TIM_SetCompare2
 170:firmwares/rotorcraft/actuators/arch/stm32/actuators_pwm_arch.c ****   TIM_SetCompare3(TIM3, actuators_pwm_values[2]);
 291              		.loc 1 170 0
 292 0016 2846     		mov	r0, r5
 293 0018 2189     		ldrh	r1, [r4, #8]
 294 001a FFF7FEFF 		bl	TIM_SetCompare3
 171:firmwares/rotorcraft/actuators/arch/stm32/actuators_pwm_arch.c ****   TIM_SetCompare4(TIM3, actuators_pwm_values[3]);
 295              		.loc 1 171 0
 296 001e 2846     		mov	r0, r5
 297 0020 A189     		ldrh	r1, [r4, #12]
 172:firmwares/rotorcraft/actuators/arch/stm32/actuators_pwm_arch.c **** 
 173:firmwares/rotorcraft/actuators/arch/stm32/actuators_pwm_arch.c ****   TIM_SETCOMPARE(PWM5_OC)(PWM_5AND6_TIMER, actuators_pwm_values[4]);
 298              		.loc 1 173 0
 299 0022 05F50065 		add	r5, r5, #2048
 171:firmwares/rotorcraft/actuators/arch/stm32/actuators_pwm_arch.c ****   TIM_SetCompare4(TIM3, actuators_pwm_values[3]);
 300              		.loc 1 171 0
 301 0026 FFF7FEFF 		bl	TIM_SetCompare4
 302              		.loc 1 173 0
 303 002a 2846     		mov	r0, r5
 304 002c 218A     		ldrh	r1, [r4, #16]
 305 002e FFF7FEFF 		bl	TIM_SetCompare1
 174:firmwares/rotorcraft/actuators/arch/stm32/actuators_pwm_arch.c ****   TIM_SETCOMPARE(PWM6_OC)(PWM_5AND6_TIMER, actuators_pwm_values[5]);
 306              		.loc 1 174 0
 307 0032 2846     		mov	r0, r5
 308 0034 A18A     		ldrh	r1, [r4, #20]
 175:firmwares/rotorcraft/actuators/arch/stm32/actuators_pwm_arch.c **** 
 176:firmwares/rotorcraft/actuators/arch/stm32/actuators_pwm_arch.c **** #if USE_SERVOS_7AND8
 177:firmwares/rotorcraft/actuators/arch/stm32/actuators_pwm_arch.c ****   TIM_SetCompare1(TIM4, actuators_pwm_values[6]);
 309              		.loc 1 177 0
 310 0036 A5F58065 		sub	r5, r5, #1024
 174:firmwares/rotorcraft/actuators/arch/stm32/actuators_pwm_arch.c ****   TIM_SETCOMPARE(PWM6_OC)(PWM_5AND6_TIMER, actuators_pwm_values[5]);
 311              		.loc 1 174 0
 312 003a FFF7FEFF 		bl	TIM_SetCompare2
 313              		.loc 1 177 0
 314 003e 2846     		mov	r0, r5
 315 0040 218B     		ldrh	r1, [r4, #24]
 316 0042 FFF7FEFF 		bl	TIM_SetCompare1
 178:firmwares/rotorcraft/actuators/arch/stm32/actuators_pwm_arch.c ****   TIM_SetCompare2(TIM4, actuators_pwm_values[7]);
 317              		.loc 1 178 0
 318 0046 A18B     		ldrh	r1, [r4, #28]
 319 0048 2846     		mov	r0, r5
 179:firmwares/rotorcraft/actuators/arch/stm32/actuators_pwm_arch.c **** #endif
 180:firmwares/rotorcraft/actuators/arch/stm32/actuators_pwm_arch.c **** }
 320              		.loc 1 180 0
 321 004a BDE83840 		pop	{r3, r4, r5, lr}
 178:firmwares/rotorcraft/actuators/arch/stm32/actuators_pwm_arch.c ****   TIM_SetCompare2(TIM4, actuators_pwm_values[7]);
 322              		.loc 1 178 0
 323 004e FFF7FEBF 		b	TIM_SetCompare2
 324              	.L6:
 325 0052 00BF     		.align	2
 326              	.L5:
 327 0054 00000000 		.word	actuators_pwm_values
 328 0058 00040040 		.word	1073742848
 329              		.cfi_endproc
 330              	.LFE25:
 332              		.text
 333              	.Letext0:
 334              		.file 2 "/opt/paparazzi/arm-multilib/lib/gcc/arm-none-eabi/4.6.2/../../../../arm-none-eabi/include
 335              		.file 3 "/opt/paparazzi/arm-multilib/lib/gcc/arm-none-eabi/4.6.2/../../../../arm-none-eabi/include
 336              		.file 4 "/opt/paparazzi/arm-multilib/lib/gcc/arm-none-eabi/4.6.2/../../../../arm-none-eabi/include
 337              		.file 5 "/opt/paparazzi/arm-multilib/lib/gcc/arm-none-eabi/4.6.2/../../../../arm-none-eabi/include
 338              		.file 6 "./firmwares/rotorcraft/actuators/actuators_pwm.h"
DEFINED SYMBOLS
                            *ABS*:0000000000000000 actuators_pwm_arch.c
     /tmp/ccLw88ru.s:18     .text.actuators_pwm_arch_init:0000000000000000 $t
     /tmp/ccLw88ru.s:23     .text.actuators_pwm_arch_init:0000000000000000 actuators_pwm_arch_init
     /tmp/ccLw88ru.s:252    .text.actuators_pwm_arch_init:0000000000000180 $d
     /tmp/ccLw88ru.s:263    .text.actuators_pwm_commit:0000000000000000 $t
     /tmp/ccLw88ru.s:268    .text.actuators_pwm_commit:0000000000000000 actuators_pwm_commit
     /tmp/ccLw88ru.s:327    .text.actuators_pwm_commit:0000000000000054 $d
                     .debug_frame:0000000000000010 $d

UNDEFINED SYMBOLS
RCC_APB1PeriphClockCmd
RCC_APB2PeriphClockCmd
GPIO_Init
GPIO_PinRemapConfig
TIM_TimeBaseInit
TIM_OC1Init
TIM_OC1PreloadConfig
TIM_OC2Init
TIM_OC2PreloadConfig
TIM_OC3Init
TIM_OC3PreloadConfig
TIM_OC4Init
TIM_OC4PreloadConfig
TIM_ARRPreloadConfig
TIM_CtrlPWMOutputs
TIM_Cmd
TIM_SetCompare1
TIM_SetCompare2
TIM_SetCompare3
TIM_SetCompare4
actuators_pwm_values
