   1              		.syntax unified
   2              		.cpu cortex-m3
   3              		.fpu softvfp
   4              		.eabi_attribute 20, 1
   5              		.eabi_attribute 21, 1
   6              		.eabi_attribute 23, 3
   7              		.eabi_attribute 24, 1
   8              		.eabi_attribute 25, 1
   9              		.eabi_attribute 26, 1
  10              		.eabi_attribute 30, 4
  11              		.eabi_attribute 18, 4
  12              		.thumb
  13              		.file	"stabilization_none.c"
  14              		.text
  15              	.Ltext0:
  16              		.cfi_sections	.debug_frame
  17              		.section	.text.stabilization_none_init,"ax",%progbits
  18              		.align	1
  19              		.global	stabilization_none_init
  20              		.thumb
  21              		.thumb_func
  23              	stabilization_none_init:
  24              	.LFB30:
  25              		.file 1 "firmwares/rotorcraft/stabilization/stabilization_none.c"
   1:firmwares/rotorcraft/stabilization/stabilization_none.c **** /*
   2:firmwares/rotorcraft/stabilization/stabilization_none.c ****  * Copyright (C) 2011-2012 The Paparazzi Team
   3:firmwares/rotorcraft/stabilization/stabilization_none.c ****  *
   4:firmwares/rotorcraft/stabilization/stabilization_none.c ****  * This file is part of paparazzi.
   5:firmwares/rotorcraft/stabilization/stabilization_none.c ****  *
   6:firmwares/rotorcraft/stabilization/stabilization_none.c ****  * paparazzi is free software; you can redistribute it and/or modify
   7:firmwares/rotorcraft/stabilization/stabilization_none.c ****  * it under the terms of the GNU General Public License as published by
   8:firmwares/rotorcraft/stabilization/stabilization_none.c ****  * the Free Software Foundation; either version 2, or (at your option)
   9:firmwares/rotorcraft/stabilization/stabilization_none.c ****  * any later version.
  10:firmwares/rotorcraft/stabilization/stabilization_none.c ****  *
  11:firmwares/rotorcraft/stabilization/stabilization_none.c ****  * paparazzi is distributed in the hope that it will be useful,
  12:firmwares/rotorcraft/stabilization/stabilization_none.c ****  * but WITHOUT ANY WARRANTY; without even the implied warranty of
  13:firmwares/rotorcraft/stabilization/stabilization_none.c ****  * MERCHANTABILITY or FITNESS FOR A PARTICULAR PURPOSE.  See the
  14:firmwares/rotorcraft/stabilization/stabilization_none.c ****  * GNU General Public License for more details.
  15:firmwares/rotorcraft/stabilization/stabilization_none.c ****  *
  16:firmwares/rotorcraft/stabilization/stabilization_none.c ****  * You should have received a copy of the GNU General Public License
  17:firmwares/rotorcraft/stabilization/stabilization_none.c ****  * along with paparazzi; see the file COPYING.  If not, write to
  18:firmwares/rotorcraft/stabilization/stabilization_none.c ****  * the Free Software Foundation, 59 Temple Place - Suite 330,
  19:firmwares/rotorcraft/stabilization/stabilization_none.c ****  * Boston, MA 02111-1307, USA.
  20:firmwares/rotorcraft/stabilization/stabilization_none.c ****  */
  21:firmwares/rotorcraft/stabilization/stabilization_none.c **** 
  22:firmwares/rotorcraft/stabilization/stabilization_none.c **** /** @file stabilization_none.c
  23:firmwares/rotorcraft/stabilization/stabilization_none.c ****  *  Dummy stabilization for rotorcrafts.
  24:firmwares/rotorcraft/stabilization/stabilization_none.c ****  *
  25:firmwares/rotorcraft/stabilization/stabilization_none.c ****  *  Doesn't actually do any stabilization,
  26:firmwares/rotorcraft/stabilization/stabilization_none.c ****  *  just directly passes the RC commands along.
  27:firmwares/rotorcraft/stabilization/stabilization_none.c ****  */
  28:firmwares/rotorcraft/stabilization/stabilization_none.c **** 
  29:firmwares/rotorcraft/stabilization/stabilization_none.c **** #include "firmwares/rotorcraft/stabilization.h"
  30:firmwares/rotorcraft/stabilization/stabilization_none.c **** #include "firmwares/rotorcraft/stabilization/stabilization_none.h"
  31:firmwares/rotorcraft/stabilization/stabilization_none.c **** 
  32:firmwares/rotorcraft/stabilization/stabilization_none.c **** #include "subsystems/radio_control.h"
  33:firmwares/rotorcraft/stabilization/stabilization_none.c **** #include "generated/airframe.h"
  34:firmwares/rotorcraft/stabilization/stabilization_none.c **** 
  35:firmwares/rotorcraft/stabilization/stabilization_none.c **** struct Int32Rates stabilization_none_rc_cmd;
  36:firmwares/rotorcraft/stabilization/stabilization_none.c **** 
  37:firmwares/rotorcraft/stabilization/stabilization_none.c **** void stabilization_none_init(void) {
  26              		.loc 1 37 0
  27              		.cfi_startproc
  28              		@ args = 0, pretend = 0, frame = 0
  29              		@ frame_needed = 0, uses_anonymous_args = 0
  30              		@ link register save eliminated.
  38:firmwares/rotorcraft/stabilization/stabilization_none.c ****   INT_RATES_ZERO(stabilization_none_rc_cmd);
  31              		.loc 1 38 0
  32 0000 024B     		ldr	r3, .L2
  33 0002 0022     		movs	r2, #0
  34 0004 1A60     		str	r2, [r3, #0]
  35 0006 5A60     		str	r2, [r3, #4]
  36 0008 9A60     		str	r2, [r3, #8]
  39:firmwares/rotorcraft/stabilization/stabilization_none.c **** }
  37              		.loc 1 39 0
  38 000a 7047     		bx	lr
  39              	.L3:
  40              		.align	2
  41              	.L2:
  42 000c 00000000 		.word	.LANCHOR0
  43              		.cfi_endproc
  44              	.LFE30:
  46              		.section	.text.stabilization_none_read_rc,"ax",%progbits
  47              		.align	1
  48              		.global	stabilization_none_read_rc
  49              		.thumb
  50              		.thumb_func
  52              	stabilization_none_read_rc:
  53              	.LFB31:
  40:firmwares/rotorcraft/stabilization/stabilization_none.c **** 
  41:firmwares/rotorcraft/stabilization/stabilization_none.c **** void stabilization_none_read_rc( void ) {
  54              		.loc 1 41 0
  55              		.cfi_startproc
  56              		@ args = 0, pretend = 0, frame = 0
  57              		@ frame_needed = 0, uses_anonymous_args = 0
  58              		@ link register save eliminated.
  42:firmwares/rotorcraft/stabilization/stabilization_none.c **** 
  43:firmwares/rotorcraft/stabilization/stabilization_none.c ****     stabilization_none_rc_cmd.p = (int32_t)radio_control.values[RADIO_ROLL];
  59              		.loc 1 43 0
  60 0000 054A     		ldr	r2, .L5
  61 0002 064B     		ldr	r3, .L5+4
  62 0004 B2F90810 		ldrsh	r1, [r2, #8]
  63 0008 1960     		str	r1, [r3, #0]
  44:firmwares/rotorcraft/stabilization/stabilization_none.c ****     stabilization_none_rc_cmd.q = (int32_t)radio_control.values[RADIO_PITCH];
  64              		.loc 1 44 0
  65 000a B2F90A10 		ldrsh	r1, [r2, #10]
  45:firmwares/rotorcraft/stabilization/stabilization_none.c ****     stabilization_none_rc_cmd.r = (int32_t)radio_control.values[RADIO_YAW];
  66              		.loc 1 45 0
  67 000e B2F90C20 		ldrsh	r2, [r2, #12]
  44:firmwares/rotorcraft/stabilization/stabilization_none.c ****     stabilization_none_rc_cmd.q = (int32_t)radio_control.values[RADIO_PITCH];
  68              		.loc 1 44 0
  69 0012 5960     		str	r1, [r3, #4]
  70              		.loc 1 45 0
  71 0014 9A60     		str	r2, [r3, #8]
  46:firmwares/rotorcraft/stabilization/stabilization_none.c **** }
  72              		.loc 1 46 0
  73 0016 7047     		bx	lr
  74              	.L6:
  75              		.align	2
  76              	.L5:
  77 0018 00000000 		.word	radio_control
  78 001c 00000000 		.word	.LANCHOR0
  79              		.cfi_endproc
  80              	.LFE31:
  82              		.section	.text.stabilization_none_enter,"ax",%progbits
  83              		.align	1
  84              		.global	stabilization_none_enter
  85              		.thumb
  86              		.thumb_func
  88              	stabilization_none_enter:
  89              	.LFB32:
  47:firmwares/rotorcraft/stabilization/stabilization_none.c **** 
  48:firmwares/rotorcraft/stabilization/stabilization_none.c **** void stabilization_none_enter(void) {
  90              		.loc 1 48 0
  91              		.cfi_startproc
  92              		@ args = 0, pretend = 0, frame = 0
  93              		@ frame_needed = 0, uses_anonymous_args = 0
  94              		@ link register save eliminated.
  49:firmwares/rotorcraft/stabilization/stabilization_none.c ****   INT_RATES_ZERO(stabilization_none_rc_cmd);
  95              		.loc 1 49 0
  96 0000 024B     		ldr	r3, .L8
  97 0002 0022     		movs	r2, #0
  98 0004 1A60     		str	r2, [r3, #0]
  99 0006 5A60     		str	r2, [r3, #4]
 100 0008 9A60     		str	r2, [r3, #8]
  50:firmwares/rotorcraft/stabilization/stabilization_none.c **** }
 101              		.loc 1 50 0
 102 000a 7047     		bx	lr
 103              	.L9:
 104              		.align	2
 105              	.L8:
 106 000c 00000000 		.word	.LANCHOR0
 107              		.cfi_endproc
 108              	.LFE32:
 110              		.section	.text.stabilization_none_run,"ax",%progbits
 111              		.align	1
 112              		.global	stabilization_none_run
 113              		.thumb
 114              		.thumb_func
 116              	stabilization_none_run:
 117              	.LFB33:
  51:firmwares/rotorcraft/stabilization/stabilization_none.c **** 
  52:firmwares/rotorcraft/stabilization/stabilization_none.c **** void stabilization_none_run(bool_t in_flight __attribute__ ((unused))) {
 118              		.loc 1 52 0
 119              		.cfi_startproc
 120              		@ args = 0, pretend = 0, frame = 0
 121              		@ frame_needed = 0, uses_anonymous_args = 0
 122              		@ link register save eliminated.
 123              	.LVL0:
  53:firmwares/rotorcraft/stabilization/stabilization_none.c ****   /* just directly pass rc commands through */
  54:firmwares/rotorcraft/stabilization/stabilization_none.c ****   stabilization_cmd[COMMAND_ROLL]  = stabilization_none_rc_cmd.p;
 124              		.loc 1 54 0
 125 0000 044A     		ldr	r2, .L11
 126 0002 054B     		ldr	r3, .L11+4
 127 0004 1168     		ldr	r1, [r2, #0]
 128 0006 1960     		str	r1, [r3, #0]
  55:firmwares/rotorcraft/stabilization/stabilization_none.c ****   stabilization_cmd[COMMAND_PITCH] = stabilization_none_rc_cmd.q;
 129              		.loc 1 55 0
 130 0008 5168     		ldr	r1, [r2, #4]
  56:firmwares/rotorcraft/stabilization/stabilization_none.c ****   stabilization_cmd[COMMAND_YAW]   = stabilization_none_rc_cmd.r;
 131              		.loc 1 56 0
 132 000a 9268     		ldr	r2, [r2, #8]
  55:firmwares/rotorcraft/stabilization/stabilization_none.c ****   stabilization_cmd[COMMAND_PITCH] = stabilization_none_rc_cmd.q;
 133              		.loc 1 55 0
 134 000c 5960     		str	r1, [r3, #4]
 135              		.loc 1 56 0
 136 000e 9A60     		str	r2, [r3, #8]
  57:firmwares/rotorcraft/stabilization/stabilization_none.c **** }
 137              		.loc 1 57 0
 138 0010 7047     		bx	lr
 139              	.L12:
 140 0012 00BF     		.align	2
 141              	.L11:
 142 0014 00000000 		.word	.LANCHOR0
 143 0018 00000000 		.word	stabilization_cmd
 144              		.cfi_endproc
 145              	.LFE33:
 147              		.global	stabilization_none_rc_cmd
 148              		.section	.bss.stabilization_none_rc_cmd,"aw",%nobits
 149              		.align	2
 150              		.set	.LANCHOR0,. + 0
 153              	stabilization_none_rc_cmd:
 154 0000 00000000 		.space	12
 154      00000000 
 154      00000000 
 155              		.text
 156              	.Letext0:
 157              		.file 2 "/opt/paparazzi/arm-multilib/lib/gcc/arm-none-eabi/4.6.2/../../../../arm-none-eabi/include
 158              		.file 3 "/home/uav/paparazzi/sw/include/std.h"
 159              		.file 4 "./math/pprz_algebra_int.h"
 160              		.file 5 "./subsystems/ahrs.h"
 161              		.file 6 "./paparazzi.h"
 162              		.file 7 "./subsystems/radio_control.h"
 163              		.file 8 "./firmwares/rotorcraft/stabilization/stabilization_none.h"
 164              		.file 9 "firmwares/rotorcraft/stabilization/stabilization_attitude_ref_int.h"
 165              		.file 10 "./firmwares/rotorcraft/stabilization.h"
DEFINED SYMBOLS
                            *ABS*:0000000000000000 stabilization_none.c
     /tmp/cclRPEcM.s:18     .text.stabilization_none_init:0000000000000000 $t
     /tmp/cclRPEcM.s:23     .text.stabilization_none_init:0000000000000000 stabilization_none_init
     /tmp/cclRPEcM.s:42     .text.stabilization_none_init:000000000000000c $d
     /tmp/cclRPEcM.s:47     .text.stabilization_none_read_rc:0000000000000000 $t
     /tmp/cclRPEcM.s:52     .text.stabilization_none_read_rc:0000000000000000 stabilization_none_read_rc
     /tmp/cclRPEcM.s:77     .text.stabilization_none_read_rc:0000000000000018 $d
     /tmp/cclRPEcM.s:83     .text.stabilization_none_enter:0000000000000000 $t
     /tmp/cclRPEcM.s:88     .text.stabilization_none_enter:0000000000000000 stabilization_none_enter
     /tmp/cclRPEcM.s:106    .text.stabilization_none_enter:000000000000000c $d
     /tmp/cclRPEcM.s:111    .text.stabilization_none_run:0000000000000000 $t
     /tmp/cclRPEcM.s:116    .text.stabilization_none_run:0000000000000000 stabilization_none_run
     /tmp/cclRPEcM.s:142    .text.stabilization_none_run:0000000000000014 $d
     /tmp/cclRPEcM.s:153    .bss.stabilization_none_rc_cmd:0000000000000000 stabilization_none_rc_cmd
     /tmp/cclRPEcM.s:149    .bss.stabilization_none_rc_cmd:0000000000000000 $d
                     .debug_frame:0000000000000010 $d

UNDEFINED SYMBOLS
radio_control
stabilization_cmd
