   1              		.syntax unified
   2              		.cpu cortex-m3
   3              		.fpu softvfp
   4              		.eabi_attribute 20, 1
   5              		.eabi_attribute 21, 1
   6              		.eabi_attribute 23, 3
   7              		.eabi_attribute 24, 1
   8              		.eabi_attribute 25, 1
   9              		.eabi_attribute 26, 1
  10              		.eabi_attribute 30, 4
  11              		.eabi_attribute 18, 4
  12              		.thumb
  13              		.file	"stabilization.c"
  14              		.text
  15              	.Ltext0:
  16              		.cfi_sections	.debug_frame
  17              		.section	.text.stabilization_init,"ax",%progbits
  18              		.align	1
  19              		.global	stabilization_init
  20              		.thumb
  21              		.thumb_func
  23              	stabilization_init:
  24              	.LFB3:
  25              		.file 1 "firmwares/rotorcraft/stabilization.c"
   1:firmwares/rotorcraft/stabilization.c **** /*
   2:firmwares/rotorcraft/stabilization.c ****  * Copyright (C) 2008-2009 Antoine Drouin <poinix@gmail.com>
   3:firmwares/rotorcraft/stabilization.c ****  *
   4:firmwares/rotorcraft/stabilization.c ****  * This file is part of paparazzi.
   5:firmwares/rotorcraft/stabilization.c ****  *
   6:firmwares/rotorcraft/stabilization.c ****  * paparazzi is free software; you can redistribute it and/or modify
   7:firmwares/rotorcraft/stabilization.c ****  * it under the terms of the GNU General Public License as published by
   8:firmwares/rotorcraft/stabilization.c ****  * the Free Software Foundation; either version 2, or (at your option)
   9:firmwares/rotorcraft/stabilization.c ****  * any later version.
  10:firmwares/rotorcraft/stabilization.c ****  *
  11:firmwares/rotorcraft/stabilization.c ****  * paparazzi is distributed in the hope that it will be useful,
  12:firmwares/rotorcraft/stabilization.c ****  * but WITHOUT ANY WARRANTY; without even the implied warranty of
  13:firmwares/rotorcraft/stabilization.c ****  * MERCHANTABILITY or FITNESS FOR A PARTICULAR PURPOSE.  See the
  14:firmwares/rotorcraft/stabilization.c ****  * GNU General Public License for more details.
  15:firmwares/rotorcraft/stabilization.c ****  *
  16:firmwares/rotorcraft/stabilization.c ****  * You should have received a copy of the GNU General Public License
  17:firmwares/rotorcraft/stabilization.c ****  * along with paparazzi; see the file COPYING.  If not, write to
  18:firmwares/rotorcraft/stabilization.c ****  * the Free Software Foundation, 59 Temple Place - Suite 330,
  19:firmwares/rotorcraft/stabilization.c ****  * Boston, MA 02111-1307, USA.
  20:firmwares/rotorcraft/stabilization.c ****  */
  21:firmwares/rotorcraft/stabilization.c **** 
  22:firmwares/rotorcraft/stabilization.c **** /** @file firmwares/rotorcraft/stabilization.c
  23:firmwares/rotorcraft/stabilization.c ****  *  General stabilization interface for rotorcrafts.
  24:firmwares/rotorcraft/stabilization.c ****  */
  25:firmwares/rotorcraft/stabilization.c **** 
  26:firmwares/rotorcraft/stabilization.c **** #include "firmwares/rotorcraft/stabilization.h"
  27:firmwares/rotorcraft/stabilization.c **** 
  28:firmwares/rotorcraft/stabilization.c **** int32_t stabilization_cmd[COMMANDS_NB];
  29:firmwares/rotorcraft/stabilization.c **** 
  30:firmwares/rotorcraft/stabilization.c **** void stabilization_init(void) {
  26              		.loc 1 30 0
  27              		.cfi_startproc
  28              		@ args = 0, pretend = 0, frame = 0
  29              		@ frame_needed = 0, uses_anonymous_args = 0
  30 0000 08B5     		push	{r3, lr}
  31              	.LCFI0:
  32              		.cfi_def_cfa_offset 8
  33              		.cfi_offset 14, -4
  34              		.cfi_offset 3, -8
  31:firmwares/rotorcraft/stabilization.c **** #ifndef STABILIZATION_SKIP_RATE
  32:firmwares/rotorcraft/stabilization.c ****   stabilization_none_init();
  35              		.loc 1 32 0
  36 0002 FFF7FEFF 		bl	stabilization_none_init
  33:firmwares/rotorcraft/stabilization.c ****   stabilization_rate_init();
  37              		.loc 1 33 0
  38 0006 FFF7FEFF 		bl	stabilization_rate_init
  34:firmwares/rotorcraft/stabilization.c **** #endif
  35:firmwares/rotorcraft/stabilization.c ****   stabilization_attitude_init();
  36:firmwares/rotorcraft/stabilization.c **** }
  39              		.loc 1 36 0
  40 000a BDE80840 		pop	{r3, lr}
  35:firmwares/rotorcraft/stabilization.c ****   stabilization_attitude_init();
  41              		.loc 1 35 0
  42 000e FFF7FEBF 		b	stabilization_attitude_init
  43              		.cfi_endproc
  44              	.LFE3:
  46              		.global	stabilization_cmd
  47              		.section	.bss.stabilization_cmd,"aw",%nobits
  48              		.align	2
  51              	stabilization_cmd:
  52 0000 00000000 		.space	16
  52      00000000 
  52      00000000 
  52      00000000 
  53              		.text
  54              	.Letext0:
  55              		.file 2 "/opt/paparazzi/arm-multilib/lib/gcc/arm-none-eabi/4.6.2/../../../../arm-none-eabi/include
  56              		.file 3 "./math/pprz_algebra_int.h"
  57              		.file 4 "./subsystems/ahrs.h"
  58              		.file 5 "firmwares/rotorcraft/stabilization/stabilization_attitude_ref_int.h"
DEFINED SYMBOLS
                            *ABS*:0000000000000000 stabilization.c
     /tmp/ccTZfWPG.s:18     .text.stabilization_init:0000000000000000 $t
     /tmp/ccTZfWPG.s:23     .text.stabilization_init:0000000000000000 stabilization_init
     /tmp/ccTZfWPG.s:51     .bss.stabilization_cmd:0000000000000000 stabilization_cmd
     /tmp/ccTZfWPG.s:48     .bss.stabilization_cmd:0000000000000000 $d
                     .debug_frame:0000000000000010 $d

UNDEFINED SYMBOLS
stabilization_none_init
stabilization_rate_init
stabilization_attitude_init
