C:\USTUAV\PAPARAZZI\DEBUG\VC110.PDB
C:\USTUAV\PAPARAZZI\DEBUG\BOOZ_R250.OBJ
C:\USTUAV\PAPARAZZI\DEBUG\BOOZ_RANDLCG.OBJ
C:\USTUAV\PAPARAZZI\DEBUG\MERGELOGS.OBJ
C:\USTUAV\PAPARAZZI\DEBUG\SOUND_CONV.OBJ
C:\USTUAV\PAPARAZZI\DEBUG\TV-FREQ.OBJ
C:\USTUAV\PAPARAZZI\DEBUG\NEXTWP.OBJ
C:\USTUAV\PAPARAZZI\DEBUG\LINALG.OBJ
C:\USTUAV\PAPARAZZI\DEBUG\MATRIX.OBJ
C:\USTUAV\PAPARAZZI\DEBUG\RANDOM.OBJ
C:\USTUAV\PAPARAZZI\DEBUG\TILT_UTILS.OBJ
C:\USTUAV\PAPARAZZI\DEBUG\UKF.OBJ
C:\USTUAV\PAPARAZZI\DEBUG\ELF.OBJ
C:\USTUAV\PAPARAZZI\DEBUG\COSTABF.OBJ
C:\USTUAV\PAPARAZZI\DEBUG\COSTABI.OBJ
C:\USTUAV\PAPARAZZI\DEBUG\IMU_DUMMY.OBJ
C:\USTUAV\PAPARAZZI\DEBUG\FLIGHTZONE.OBJ
C:\USTUAV\PAPARAZZI\DEBUG\PPRZ_DEBUG.OBJ
C:\USTUAV\PAPARAZZI\DEBUG\AIRBORNE_ANT_TRACK.OBJ
C:\USTUAV\PAPARAZZI\DEBUG\MAIN.OBJ
C:\USTUAV\PAPARAZZI\DEBUG\STM32_EXCEPTIONS.OBJ
C:\USTUAV\PAPARAZZI\DEBUG\SIM_UART.OBJ
C:\USTUAV\PAPARAZZI\DEBUG\IVY_TRANSPORT.OBJ
C:\USTUAV\PAPARAZZI\DEBUG\MCU_ARCH.OBJ
C:\USTUAV\PAPARAZZI\DEBUG\CONSOLE.OBJ
C:\USTUAV\PAPARAZZI\DEBUG\PRINTF.OBJ
C:\USTUAV\PAPARAZZI\DEBUG\LEDSWITCH.OBJ
C:\USTUAV\PAPARAZZI\DEBUG\TIMER.OBJ
C:\USTUAV\PAPARAZZI\DEBUG\UART_TUNNEL.OBJ
C:\USTUAV\paparazzi\Debug\airborne_ant_track.obj
C:\USTUAV\paparazzi\Debug\booz_r250.obj
C:\USTUAV\paparazzi\Debug\booz_randlcg.obj
C:\USTUAV\paparazzi\Debug\console.obj
C:\USTUAV\paparazzi\Debug\costabf.obj
C:\USTUAV\paparazzi\Debug\costabi.obj
C:\USTUAV\paparazzi\Debug\elf.obj
C:\USTUAV\paparazzi\Debug\flightzone.obj
C:\USTUAV\paparazzi\Debug\imu_dummy.obj
C:\USTUAV\paparazzi\Debug\ivy_transport.obj
C:\USTUAV\paparazzi\Debug\ledswitch.obj
C:\USTUAV\paparazzi\Debug\linalg.obj
C:\USTUAV\paparazzi\Debug\main.obj
C:\USTUAV\paparazzi\Debug\matrix.obj
C:\USTUAV\paparazzi\Debug\mcu_arch.obj
C:\USTUAV\paparazzi\Debug\mergelogs.obj
C:\USTUAV\paparazzi\Debug\nextwp.obj
C:\USTUAV\paparazzi\Debug\pprz_debug.obj
C:\USTUAV\paparazzi\Debug\printf.obj
C:\USTUAV\paparazzi\Debug\random.obj
C:\USTUAV\paparazzi\Debug\sim_uart.obj
C:\USTUAV\paparazzi\Debug\sound_conv.obj
C:\USTUAV\paparazzi\Debug\stm32_exceptions.obj
C:\USTUAV\paparazzi\Debug\tilt_utils.obj
C:\USTUAV\paparazzi\Debug\timer.obj
C:\USTUAV\paparazzi\Debug\tv-freq.obj
C:\USTUAV\paparazzi\Debug\uart_tunnel.obj
C:\USTUAV\paparazzi\Debug\ukf.obj
C:\USTUAV\paparazzi\Debug\cl.command.1.tlog
C:\USTUAV\paparazzi\Debug\CL.read.1.tlog
C:\USTUAV\paparazzi\Debug\CL.write.1.tlog
C:\USTUAV\paparazzi\Debug\vc110.idb
C:\USTUAV\paparazzi\Debug\vc110.pdb
